#
# There is insufficient memory for the Java Runtime Environment to continue.
# Native memory allocation (malloc) failed to allocate 1497616 bytes for Chunk::new
# Possible reasons:
#   The system is out of physical RAM or swap space
#   In 32 bit mode, the process size limit was hit
# Possible solutions:
#   Reduce memory load on the system
#   Increase physical memory or swap space
#   Check if swap backing store is full
#   Use 64 bit Java on a 64 bit OS
#   Decrease Java heap size (-Xmx/-Xms)
#   Decrease number of Java threads
#   Decrease Java thread stack sizes (-Xss)
#   Set larger code cache with -XX:ReservedCodeCacheSize=
# This output file may be truncated or incomplete.
#
#  Out of Memory Error (allocation.cpp:323), pid=7648, tid=4152
#
# JRE version: Java(TM) SE Runtime Environment (7.0_79-b15) (build 1.7.0_79-b15)
# Java VM: Java HotSpot(TM) 64-Bit Server VM (24.79-b02 mixed mode windows-amd64 compressed oops)
# Failed to write core dump. Minidumps are not enabled by default on client versions of Windows
#

---------------  T H R E A D  ---------------

Current thread (0x00000000087bb800):  JavaThread "C2 CompilerThread0" daemon [_thread_in_native, id=4152, stack(0x0000000009d20000,0x0000000009e20000)]

Stack: [0x0000000009d20000,0x0000000009e20000]

Current CompileTask:
C2:  13036  469   !         com.android.dx.cf.code.BytecodeArray::parseInstruction (2764 bytes)


---------------  P R O C E S S  ---------------

Java Threads: ( => current thread )
  0x000000000a41d800 JavaThread "pool-2-thread-4" [_thread_in_Java, id=6284, stack(0x000000000a920000,0x000000000aa20000)]
  0x000000000a41c800 JavaThread "pool-2-thread-3" [_thread_in_Java, id=5768, stack(0x000000000a820000,0x000000000a920000)]
  0x000000000a416000 JavaThread "pool-2-thread-2" [_thread_in_Java, id=5316, stack(0x000000000a720000,0x000000000a820000)]
  0x000000000a415000 JavaThread "pool-3-thread-1" [_thread_blocked, id=412, stack(0x000000000a620000,0x000000000a720000)]
  0x000000000a431800 JavaThread "pool-2-thread-1" [_thread_in_Java, id=9232, stack(0x000000000a520000,0x000000000a620000)]
  0x00000000087c3800 JavaThread "Service Thread" daemon [_thread_blocked, id=7424, stack(0x0000000009f20000,0x000000000a020000)]
  0x00000000087bd800 JavaThread "C2 CompilerThread1" daemon [_thread_in_native, id=8948, stack(0x0000000009e20000,0x0000000009f20000)]
=>0x00000000087bb800 JavaThread "C2 CompilerThread0" daemon [_thread_in_native, id=4152, stack(0x0000000009d20000,0x0000000009e20000)]
  0x00000000087ba800 JavaThread "Attach Listener" daemon [_thread_blocked, id=2924, stack(0x0000000009c20000,0x0000000009d20000)]
  0x00000000087b7800 JavaThread "Signal Dispatcher" daemon [_thread_blocked, id=1140, stack(0x0000000009b20000,0x0000000009c20000)]
  0x000000000877f000 JavaThread "Finalizer" daemon [_thread_blocked, id=7096, stack(0x0000000009a20000,0x0000000009b20000)]
  0x0000000008775800 JavaThread "Reference Handler" daemon [_thread_blocked, id=5632, stack(0x0000000009920000,0x0000000009a20000)]
  0x0000000002820800 JavaThread "main" [_thread_in_Java, id=2312, stack(0x00000000026b0000,0x00000000027b0000)]

Other Threads:
  0x0000000008770800 VMThread [stack: 0x0000000009820000,0x0000000009920000] [id=6140]
  0x00000000087d1000 WatcherThread [stack: 0x000000000a020000,0x000000000a120000] [id=8400]

VM state:not at safepoint (normal execution)

VM Mutex/Monitor currently owned by a thread: None

Heap
 PSYoungGen      total 68096K, used 15720K [0x00000000eaa80000, 0x00000000eef80000, 0x0000000100000000)
  eden space 65536K, 20% used [0x00000000eaa80000,0x00000000eb75bfd0,0x00000000eea80000)
  from space 2560K, 99% used [0x00000000eed00000,0x00000000eef7e118,0x00000000eef80000)
  to   space 2560K, 0% used [0x00000000eea80000,0x00000000eea80000,0x00000000eed00000)
 ParOldGen       total 42496K, used 12903K [0x00000000c0000000, 0x00000000c2980000, 0x00000000eaa80000)
  object space 42496K, 30% used [0x00000000c0000000,0x00000000c0c99f88,0x00000000c2980000)
 PSPermGen       total 21504K, used 5961K [0x00000000bae00000, 0x00000000bc300000, 0x00000000c0000000)
  object space 21504K, 27% used [0x00000000bae00000,0x00000000bb3d2560,0x00000000bc300000)

Card table byte_map: [0x00000000059e0000,0x0000000005c10000] byte_map_base: 0x0000000005409000

Polling page: 0x00000000025d0000

Code Cache  [0x0000000002920000, 0x0000000002b90000, 0x0000000005920000)
 total_blobs=696 nmethods=459 adapters=189 free_code_cache=47346Kb largest_free_block=48391552

Compilation events (10 events):
Event: 12.440 Thread 0x00000000087bd800 nmethod 465 0x00000000029eae90 code [0x00000000029eb020, 0x00000000029eb3d8]
Event: 12.440 Thread 0x00000000087bd800  466             com.android.dx.cf.code.ExecutionStack::<init> (34 bytes)
Event: 12.446 Thread 0x00000000087bd800 nmethod 466 0x00000000029eaa50 code [0x00000000029eaba0, 0x00000000029ead98]
Event: 12.446 Thread 0x00000000087bd800  467             com.android.dx.rop.cst.CstString::<init> (35 bytes)
Event: 12.450 Thread 0x00000000087bd800 nmethod 467 0x00000000029ea710 code [0x00000000029ea860, 0x00000000029ea958]
Event: 12.450 Thread 0x00000000087bd800  468   !         com.android.dx.cf.cst.ConstantPoolParser::parse0 (731 bytes)
Event: 12.525 Thread 0x00000000087bb800 nmethod 464% 0x0000000002a42110 code [0x0000000002a423c0, 0x0000000002a43c98]
Event: 12.610 Thread 0x00000000087bd800 nmethod 468 0x0000000002ae6150 code [0x0000000002ae66a0, 0x0000000002ae8c70]
Event: 12.855 Thread 0x00000000087bb800  469   !         com.android.dx.cf.code.BytecodeArray::parseInstruction (2764 bytes)
Event: 12.858 Thread 0x00000000087bd800  470             com.android.dx.dex.cf.CfTranslator::translate0 (259 bytes)

GC Heap History (8 events):
Event: 2.102 GC heap before
{Heap before GC invocations=1 (full 0):
 PSYoungGen      total 18944K, used 16384K [0x00000000eaa80000, 0x00000000ebf80000, 0x0000000100000000)
  eden space 16384K, 100% used [0x00000000eaa80000,0x00000000eba80000,0x00000000eba80000)
  from space 2560K, 0% used [0x00000000ebd00000,0x00000000ebd00000,0x00000000ebf80000)
  to   space 2560K, 0% used [0x00000000eba80000,0x00000000eba80000,0x00000000ebd00000)
 ParOldGen       total 42496K, used 0K [0x00000000c0000000, 0x00000000c2980000, 0x00000000eaa80000)
  object space 42496K, 0% used [0x00000000c0000000,0x00000000c0000000,0x00000000c2980000)
 PSPermGen       total 21504K, used 5565K [0x00000000bae00000, 0x00000000bc300000, 0x00000000c0000000)
  object space 21504K, 25% used [0x00000000bae00000,0x00000000bb36f790,0x00000000bc300000)
Event: 2.124 GC heap after
Heap after GC invocations=1 (full 0):
 PSYoungGen      total 18944K, used 2537K [0x00000000eaa80000, 0x00000000ecf80000, 0x0000000100000000)
  eden space 16384K, 0% used [0x00000000eaa80000,0x00000000eaa80000,0x00000000eba80000)
  from space 2560K, 99% used [0x00000000eba80000,0x00000000ebcfa748,0x00000000ebd00000)
  to   space 2560K, 0% used [0x00000000ecd00000,0x00000000ecd00000,0x00000000ecf80000)
 ParOldGen       total 42496K, used 829K [0x00000000c0000000, 0x00000000c2980000, 0x00000000eaa80000)
  object space 42496K, 1% used [0x00000000c0000000,0x00000000c00cf518,0x00000000c2980000)
 PSPermGen       total 21504K, used 5565K [0x00000000bae00000, 0x00000000bc300000, 0x00000000c0000000)
  object space 21504K, 25% used [0x00000000bae00000,0x00000000bb36f790,0x00000000bc300000)
}
Event: 4.189 GC heap before
{Heap before GC invocations=2 (full 0):
 PSYoungGen      total 18944K, used 18921K [0x00000000eaa80000, 0x00000000ecf80000, 0x0000000100000000)
  eden space 16384K, 100% used [0x00000000eaa80000,0x00000000eba80000,0x00000000eba80000)
  from space 2560K, 99% used [0x00000000eba80000,0x00000000ebcfa748,0x00000000ebd00000)
  to   space 2560K, 0% used [0x00000000ecd00000,0x00000000ecd00000,0x00000000ecf80000)
 ParOldGen       total 42496K, used 829K [0x00000000c0000000, 0x00000000c2980000, 0x00000000eaa80000)
  object space 42496K, 1% used [0x00000000c0000000,0x00000000c00cf518,0x00000000c2980000)
 PSPermGen       total 21504K, used 5818K [0x00000000bae00000, 0x00000000bc300000, 0x00000000c0000000)
  object space 21504K, 27% used [0x00000000bae00000,0x00000000bb3ae8a8,0x00000000bc300000)
Event: 4.276 GC heap after
Heap after GC invocations=2 (full 0):
 PSYoungGen      total 35328K, used 2552K [0x00000000eaa80000, 0x00000000ecf80000, 0x0000000100000000)
  eden space 32768K, 0% used [0x00000000eaa80000,0x00000000eaa80000,0x00000000eca80000)
  from space 2560K, 99% used [0x00000000ecd00000,0x00000000ecf7e2f8,0x00000000ecf80000)
  to   space 2560K, 0% used [0x00000000eca80000,0x00000000eca80000,0x00000000ecd00000)
 ParOldGen       total 42496K, used 2491K [0x00000000c0000000, 0x00000000c2980000, 0x00000000eaa80000)
  object space 42496K, 5% used [0x00000000c0000000,0x00000000c026ef50,0x00000000c2980000)
 PSPermGen       total 21504K, used 5818K [0x00000000bae00000, 0x00000000bc300000, 0x00000000c0000000)
  object space 21504K, 27% used [0x00000000bae00000,0x00000000bb3ae8a8,0x00000000bc300000)
}
Event: 8.531 GC heap before
{Heap before GC invocations=3 (full 0):
 PSYoungGen      total 35328K, used 35320K [0x00000000eaa80000, 0x00000000ecf80000, 0x0000000100000000)
  eden space 32768K, 100% used [0x00000000eaa80000,0x00000000eca80000,0x00000000eca80000)
  from space 2560K, 99% used [0x00000000ecd00000,0x00000000ecf7e2f8,0x00000000ecf80000)
  to   space 2560K, 0% used [0x00000000eca80000,0x00000000eca80000,0x00000000ecd00000)
 ParOldGen       total 42496K, used 2491K [0x00000000c0000000, 0x00000000c2980000, 0x00000000eaa80000)
  object space 42496K, 5% used [0x00000000c0000000,0x00000000c026ef50,0x00000000c2980000)
 PSPermGen       total 21504K, used 5911K [0x00000000bae00000, 0x00000000bc300000, 0x00000000c0000000)
  object space 21504K, 27% used [0x00000000bae00000,0x00000000bb3c5d58,0x00000000bc300000)
Event: 8.793 GC heap after
Heap after GC invocations=3 (full 0):
 PSYoungGen      total 35328K, used 2550K [0x00000000eaa80000, 0x00000000eef80000, 0x0000000100000000)
  eden space 32768K, 0% used [0x00000000eaa80000,0x00000000eaa80000,0x00000000eca80000)
  from space 2560K, 99% used [0x00000000eca80000,0x00000000eccfdab8,0x00000000ecd00000)
  to   space 2560K, 0% used [0x00000000eed00000,0x00000000eed00000,0x00000000eef80000)
 ParOldGen       total 42496K, used 7602K [0x00000000c0000000, 0x00000000c2980000, 0x00000000eaa80000)
  object space 42496K, 17% used [0x00000000c0000000,0x00000000c076cbd8,0x00000000c2980000)
 PSPermGen       total 21504K, used 5911K [0x00000000bae00000, 0x00000000bc300000, 0x00000000c0000000)
  object space 21504K, 27% used [0x00000000bae00000,0x00000000bb3c5d58,0x00000000bc300000)
}
Event: 11.862 GC heap before
{Heap before GC invocations=4 (full 0):
 PSYoungGen      total 35328K, used 35318K [0x00000000eaa80000, 0x00000000eef80000, 0x0000000100000000)
  eden space 32768K, 100% used [0x00000000eaa80000,0x00000000eca80000,0x00000000eca80000)
  from space 2560K, 99% used [0x00000000eca80000,0x00000000eccfdab8,0x00000000ecd00000)
  to   space 2560K, 0% used [0x00000000eed00000,0x00000000eed00000,0x00000000eef80000)
 ParOldGen       total 42496K, used 7602K [0x00000000c0000000, 0x00000000c2980000, 0x00000000eaa80000)
  object space 42496K, 17% used [0x00000000c0000000,0x00000000c076cbd8,0x00000000c2980000)
 PSPermGen       total 21504K, used 5945K [0x00000000bae00000, 0x00000000bc300000, 0x00000000c0000000)
  object space 21504K, 27% used [0x00000000bae00000,0x00000000bb3ce7a8,0x00000000bc300000)
Event: 12.363 GC heap after
Heap after GC invocations=4 (full 0):
 PSYoungGen      total 68096K, used 2552K [0x00000000eaa80000, 0x00000000eef80000, 0x0000000100000000)
  eden space 65536K, 0% used [0x00000000eaa80000,0x00000000eaa80000,0x00000000eea80000)
  from space 2560K, 99% used [0x00000000eed00000,0x00000000eef7e118,0x00000000eef80000)
  to   space 2560K, 0% used [0x00000000eea80000,0x00000000eea80000,0x00000000eed00000)
 ParOldGen       total 42496K, used 12903K [0x00000000c0000000, 0x00000000c2980000, 0x00000000eaa80000)
  object space 42496K, 30% used [0x00000000c0000000,0x00000000c0c99f88,0x00000000c2980000)
 PSPermGen       total 21504K, used 5945K [0x00000000bae00000, 0x00000000bc300000, 0x00000000c0000000)
  object space 21504K, 27% used [0x00000000bae00000,0x00000000bb3ce7a8,0x00000000bc300000)
}

Deoptimization events (10 events):
Event: 10.655 Thread 0x000000000a431800 Uncommon trap: reason=null_check action=make_not_entrant pc=0x0000000002ada2f8 method=com.android.dx.dex.file.FieldIdsSection.intern(Lcom/android/dx/rop/cst/CstFieldRef;)Lcom/android/dx/dex/file/FieldIdItem; @ 26
Event: 11.459 Thread 0x000000000a41d800 Uncommon trap: reason=bimorphic action=maybe_recompile pc=0x0000000002aee56c method=com.android.dx.cf.code.BytecodeArray.parseInstruction(ILcom/android/dx/cf/code/BytecodeArray$Visitor;)I @ 939
Event: 11.460 Thread 0x000000000a41d800 Uncommon trap: reason=bimorphic action=maybe_recompile pc=0x0000000002aee56c method=com.android.dx.cf.code.BytecodeArray.parseInstruction(ILcom/android/dx/cf/code/BytecodeArray$Visitor;)I @ 939
Event: 11.460 Thread 0x000000000a41d800 Uncommon trap: reason=unreached action=reinterpret pc=0x0000000002abf37c method=com.android.dx.cf.code.RopperMachine.run(Lcom/android/dx/cf/code/Frame;II)V @ 1500
Event: 11.460 Thread 0x000000000a41d800 Uncommon trap: reason=class_check action=maybe_recompile pc=0x0000000002a2fd44 method=com.android.dx.cf.code.Ropper.processBlock(Lcom/android/dx/cf/code/ByteBlock;Lcom/android/dx/cf/code/Frame;[I)V @ 777
Event: 11.470 Thread 0x000000000a41d800 Uncommon trap: reason=bimorphic action=maybe_recompile pc=0x0000000002aee56c method=com.android.dx.cf.code.BytecodeArray.parseInstruction(ILcom/android/dx/cf/code/BytecodeArray$Visitor;)I @ 939
Event: 11.472 Thread 0x000000000a41d800 Uncommon trap: reason=bimorphic action=maybe_recompile pc=0x0000000002aee56c method=com.android.dx.cf.code.BytecodeArray.parseInstruction(ILcom/android/dx/cf/code/BytecodeArray$Visitor;)I @ 939
Event: 11.472 Thread 0x000000000a41d800 Uncommon trap: reason=class_check action=maybe_recompile pc=0x0000000002a2fd44 method=com.android.dx.cf.code.Ropper.processBlock(Lcom/android/dx/cf/code/ByteBlock;Lcom/android/dx/cf/code/Frame;[I)V @ 777
Event: 11.483 Thread 0x0000000002820800 Uncommon trap: reason=unloaded action=reinterpret pc=0x0000000002a6c008 method=com.android.dx.ssa.LiteralOpUpgrader$1.visitNonMoveInsn(Lcom/android/dx/ssa/NormalSsaInsn;)V @ 72
Event: 11.499 Thread 0x0000000002820800 Uncommon trap: reason=class_check action=maybe_recompile pc=0x0000000002a2fd44 method=com.android.dx.cf.code.Ropper.processBlock(Lcom/android/dx/cf/code/ByteBlock;Lcom/android/dx/cf/code/Frame;[I)V @ 777

Internal exceptions (10 events):
Event: 2.183 Thread 0x000000000a41c800 Threw 0x00000000eab91818 at C:\re\jdk7u79\2331\hotspot\src\share\vm\prims\jvm.cpp:1304
Event: 2.424 Thread 0x000000000a41c800 Threw 0x00000000eaccf968 at C:\re\jdk7u79\2331\hotspot\src\share\vm\prims\jvm.cpp:1304
Event: 3.072 Thread 0x000000000a431800 Threw 0x00000000eb0cdb90 at C:\re\jdk7u79\2331\hotspot\src\share\vm\prims\jvm.cpp:1304
Event: 3.091 Thread 0x000000000a41d800 Threw 0x00000000eb1e0260 at C:\re\jdk7u79\2331\hotspot\src\share\vm\prims\jvm.cpp:1304
Event: 3.918 Thread 0x0000000002820800 Implicit null exception at 0x00000000029df9f8 to 0x00000000029e0ee5
Event: 4.801 Thread 0x0000000002820800 Implicit null exception at 0x00000000029eeffb to 0x00000000029ef6d9
Event: 5.376 Thread 0x0000000002820800 Threw 0x00000000eb5cfcc0 at C:\re\jdk7u79\2331\hotspot\src\share\vm\prims\jvm.cpp:1304
Event: 10.654 Thread 0x000000000a431800 Implicit null exception at 0x0000000002ad9954 to 0x0000000002ada2e9
Event: 10.996 Thread 0x000000000a41c800 Threw 0x00000000ebf92d70 at C:\re\jdk7u79\2331\hotspot\src\share\vm\prims\jvm.cpp:1304
Event: 11.483 Thread 0x0000000002820800 Threw 0x00000000ec754480 at C:\re\jdk7u79\2331\hotspot\src\share\vm\prims\jvm.cpp:1304

Events (10 events):
Event: 11.485 Thread 0x0000000002820800 DEOPT UNPACKING pc=0x00000000029575a4 sp=0x00000000027ae1a8 mode 2
Event: 11.499 Thread 0x0000000002820800 Uncommon trap: trap_request=0xffffffde fr.pc=0x0000000002a2fd44
Event: 11.499 Thread 0x0000000002820800 DEOPT PACKING pc=0x0000000002a2fd44 sp=0x00000000027ae380
Event: 11.499 Thread 0x0000000002820800 DEOPT UNPACKING pc=0x00000000029575a4 sp=0x00000000027ae308 mode 2
Event: 11.829 Executing VM operation: ParallelGCFailedAllocation
Event: 12.363 Executing VM operation: ParallelGCFailedAllocation done
Event: 12.370 Thread 0x00000000087bd800 flushing nmethod 0x00000000029a27d0
Event: 12.440 Thread 0x00000000087bd800 flushing nmethod 0x0000000002a03b90
Event: 12.450 Thread 0x00000000087bd800 flushing nmethod 0x0000000002a40510
Event: 12.525 Thread 0x00000000087bb800 flushing nmethod 0x0000000002a4f750


Dynamic libraries:
0x00007ff69b460000 - 0x00007ff69b493000 	D:\Program Files\Java\jdk1.7.0_79\bin\java.exe
0x00007ffd17c10000 - 0x00007ffd17dbd000 	C:\Windows\SYSTEM32\ntdll.dll
0x00007ffd15610000 - 0x00007ffd1574e000 	C:\Windows\system32\KERNEL32.DLL
0x00007ffd150a0000 - 0x00007ffd151b5000 	C:\Windows\system32\KERNELBASE.dll
0x00007ffd13910000 - 0x00007ffd1399e000 	C:\Windows\system32\apphelp.dll
0x00007ffcff770000 - 0x00007ffcff7c3000 	C:\Windows\AppPatch\AppPatch64\AcGenral.DLL
0x00007ffd15aa0000 - 0x00007ffd15b4a000 	C:\Windows\system32\msvcrt.dll
0x00007ffd15210000 - 0x00007ffd1523e000 	C:\Windows\system32\SspiCli.dll
0x00007ffd15510000 - 0x00007ffd15564000 	C:\Windows\system32\SHLWAPI.dll
0x00007ffd17390000 - 0x00007ffd17507000 	C:\Windows\system32\USER32.dll
0x00007ffd15b50000 - 0x00007ffd15ce4000 	C:\Windows\system32\ole32.dll
0x00007ffd15cf0000 - 0x00007ffd1721a000 	C:\Windows\system32\SHELL32.dll
0x00007ffd14370000 - 0x00007ffd14391000 	C:\Windows\SYSTEM32\USERENV.dll
0x00007ffd17920000 - 0x00007ffd179ca000 	C:\Windows\system32\ADVAPI32.dll
0x00007ffd10180000 - 0x00007ffd1019e000 	C:\Windows\SYSTEM32\MPR.dll
0x00007ffd15900000 - 0x00007ffd15a40000 	C:\Windows\system32\RPCRT4.dll
0x00007ffd15a40000 - 0x00007ffd15a99000 	C:\Windows\SYSTEM32\sechost.dll
0x00007ffd17700000 - 0x00007ffd17911000 	C:\Windows\SYSTEM32\combase.dll
0x00007ffd153c0000 - 0x00007ffd15510000 	C:\Windows\system32\GDI32.dll
0x00007ffd14d40000 - 0x00007ffd14d55000 	C:\Windows\SYSTEM32\profapi.dll
0x00007ffd13120000 - 0x00007ffd131d2000 	C:\Windows\SYSTEM32\SHCORE.dll
0x00007ffd17b60000 - 0x00007ffd17b96000 	C:\Windows\system32\IMM32.DLL
0x00007ffd17230000 - 0x00007ffd17382000 	C:\Windows\system32\MSCTF.dll
0x00007ffd12770000 - 0x00007ffd129eb000 	C:\Windows\WinSxS\amd64_microsoft.windows.common-controls_6595b64144ccf1df_6.0.9600.18006_none_623f33d3ecbe86e8\COMCTL32.dll
0x0000000076bd0000 - 0x0000000076ca2000 	D:\Program Files\Java\jdk1.7.0_79\jre\bin\msvcr100.dll
0x0000000076f90000 - 0x0000000077765000 	D:\Program Files\Java\jdk1.7.0_79\jre\bin\server\jvm.dll
0x00007ffcfd580000 - 0x00007ffcfd589000 	C:\Windows\SYSTEM32\WSOCK32.dll
0x00007ffcfe280000 - 0x00007ffcfe2a2000 	C:\Windows\SYSTEM32\WINMM.dll
0x00007ffd176f0000 - 0x00007ffd176f7000 	C:\Windows\system32\PSAPI.DLL
0x00007ffd152a0000 - 0x00007ffd152fa000 	C:\Windows\system32\WS2_32.dll
0x00007ffcfe250000 - 0x00007ffcfe27a000 	C:\Windows\SYSTEM32\WINMMBASE.dll
0x00007ffd17c00000 - 0x00007ffd17c09000 	C:\Windows\system32\NSI.dll
0x00007ffd151c0000 - 0x00007ffd1520f000 	C:\Windows\SYSTEM32\cfgmgr32.dll
0x00007ffd13b60000 - 0x00007ffd13b88000 	C:\Windows\SYSTEM32\DEVOBJ.dll
0x0000000050100000 - 0x000000005010f000 	D:\Program Files\Java\jdk1.7.0_79\jre\bin\verify.dll
0x00000000500d0000 - 0x00000000500f8000 	D:\Program Files\Java\jdk1.7.0_79\jre\bin\java.dll
0x00000000500b0000 - 0x00000000500c5000 	D:\Program Files\Java\jdk1.7.0_79\jre\bin\zip.dll
0x0000000050090000 - 0x00000000500aa000 	D:\Program Files\Java\jdk1.7.0_79\jre\bin\net.dll
0x00007ffd145e0000 - 0x00007ffd14639000 	C:\Windows\system32\mswsock.dll
0x0000000050070000 - 0x0000000050081000 	D:\Program Files\Java\jdk1.7.0_79\jre\bin\nio.dll

VM Arguments:
jvm_args: -Djava.awt.headless=true -Xmx1024M -Dfile.encoding=windows-1252 -Duser.country=FR -Duser.language=fr -Duser.variant 
java_command: com.android.dx.command.Main --dex --force-jumbo --num-threads=4 --multi-dex --output C:\Users\Thomas\AndroidStudioProjects\Foodie\app\build\intermediates\transforms\dex\debug\folders\1000\10\com.android.support-appcompat-v7-23.3.0_bafd07029a8d443829e5cbebdef8d6cee4589649 C:\Users\Thomas\AndroidStudioProjects\Foodie\app\build\intermediates\exploded-aar\com.android.support\appcompat-v7\23.3.0\jars\classes.jar
Launcher Type: SUN_STANDARD

Environment Variables:
PATH=C:\Windows\system32;C:\Windows;C:\Windows\System32\Wbem;C:\Windows\System32\WindowsPowerShell\v1.0\;C:\Program Files (x86)\Skype\Phone\
USERNAME=Thomas
OS=Windows_NT
PROCESSOR_IDENTIFIER=Intel64 Family 6 Model 69 Stepping 1, GenuineIntel



---------------  S Y S T E M  ---------------

OS: Windows 8.1 , 64 bit Build 9600 

CPU:total 4 (2 cores per cpu, 2 threads per core) family 6 model 69 stepping 1, cmov, cx8, fxsr, mmx, sse, sse2, sse3, ssse3, sse4.1, sse4.2, popcnt, avx, avx2, aes, erms, ht, tsc, tscinvbit

Memory: 4k page, physical 4100104k(96916k free), swap 7245832k(8152k free)

vm_info: Java HotSpot(TM) 64-Bit Server VM (24.79-b02) for windows-amd64 JRE (1.7.0_79-b15), built on Apr 10 2015 12:36:16 by "java_re" with unknown MS VC++:1600

time: Mon May 16 11:43:01 2016
elapsed time: 13 seconds

